[17:03:29] 200 - 74.54µs GET /
2023/03/10 17:03:35 Error in LoadPublicProfile (profile.go): sql: no rows in result set
[17:03:35] 200 - 2.173341ms GET /page/test
2023/03/10 17:03:35 Error in LoadPublicProfile (profile.go): sql: no rows in result set
[17:03:35] 200 - 1.899251ms GET /page/avatar/
2023/03/10 17:04:57 Error in LoadPublicProfile (profile.go): sql: no rows in result set
[17:04:57] 200 - 1.814683ms GET /page/test
2023/03/10 17:04:57 Error in LoadPublicProfile (profile.go): sql: no rows in result set
[17:04:57] 200 - 1.956754ms GET /page/avatar/
2023/03/10 17:05:13 Error in LoadPublicProfile (profile.go): sql: no rows in result set
[17:05:13] 200 - 1.642805ms GET /page/test
2023/03/10 17:05:13 Error in LoadPublicProfile (profile.go): sql: no rows in result set
[17:05:13] 200 - 2.337887ms GET /page/avatar/
[17:07:36] 200 - 78.858µs GET /
2023/03/10 17:07:38 Error in LoadPublicProfile (profile.go): sql: no rows in result set
[17:07:37] 200 - 1.980539ms GET /page/test
2023/03/10 17:07:38 Error in LoadPublicProfile (profile.go): sql: no rows in result set
[17:07:37] 200 - 1.601137ms GET /page/avatar/
[17:08:18] 200 - 80.622µs GET /
[17:08:19] 200 - 104.056µs GET /auth/login
[17:08:24] 500 - 982.666µs GET /page/test
[17:08:43] 200 - 764.736µs GET /page/test
[17:08:47] 200 - 531.689µs GET /page/test
[17:08:50] 200 - 698.212µs GET /page/test
[17:09:39] 200 - 63.168µs GET /
[17:09:41] 200 - 1.151585ms GET /page/test
[17:09:42] 200 - 589.406µs GET /page/test
[17:09:47] 200 - 10.32µs GET /
[17:10:00] 200 - 77.225µs GET /
2023/03/10 17:10:02 Error in LoadPublicProfile (profile.go): sql: no rows in result set
[17:10:02] 200 - 2.384328ms GET /page/test
2023/03/10 17:10:02 Error in LoadPublicProfile (profile.go): sql: no rows in result set
[17:10:02] 200 - 2.206053ms GET /page/avatar/
2023/03/10 17:10:02 Error in LoadPublicProfile (profile.go): sql: no rows in result set
[17:10:02] 200 - 1.532878ms GET /page/test
2023/03/10 17:10:02 Error in LoadPublicProfile (profile.go): sql: no rows in result set
[17:10:02] 200 - 1.647745ms GET /page/avatar/
[17:10:13] 200 - 90.811µs GET /
[17:10:14] 200 - 876.105µs GET /page/test
[17:10:15] 200 - 590.043µs GET /page/test
[20:27:24] 200 - 98.596µs GET /
[20:27:28] 200 - 1.026787ms GET /page/test
[20:27:28] 200 - 681.297µs GET /page/test
[20:27:32] 200 - 12.203µs GET /
[20:27:33] 200 - 107.853µs GET /auth/login
[20:27:36] 303 - 50.501841ms POST /auth/login
2023/03/10 20:27:36 Error in LoadDashboard (dashboard.go): pq: column "ame" does not exist
[20:27:36] 200 - 531.43µs GET /user/dashboard
[20:27:40] 200 - 12.253µs GET /
